#! /c/Source/iverilog-install/bin/vvp
:ivl_version "12.0 (devel)" "(s20150603-1110-g18392a46)";
:ivl_delay_selection "TYPICAL";
:vpi_time_precision - 9;
:vpi_module "A:\iverilog\lib\ivl\system.vpi";
:vpi_module "A:\iverilog\lib\ivl\vhdl_sys.vpi";
:vpi_module "A:\iverilog\lib\ivl\vhdl_textio.vpi";
:vpi_module "A:\iverilog\lib\ivl\v2005_math.vpi";
:vpi_module "A:\iverilog\lib\ivl\va_math.vpi";
S_000001db992ac270 .scope module, "tb_paritygen_8bit" "tb_paritygen_8bit" 2 2;
 .timescale -9 -9;
v000001db9930e1b0_0 .var "d", 7 0;
v000001db9930ce50_0 .var "en", 0 0;
v000001db9930d210_0 .net "pb", 0 0, L_000001db992a7330;  1 drivers
v000001db9930d850_0 .var "v", 0 0;
S_000001db990fe8b0 .scope module, "uut" "paritygen_8bit" 2 6, 3 1 0, S_000001db992ac270;
 .timescale -9 -9;
    .port_info 0 /INPUT 8 "d";
    .port_info 1 /INPUT 1 "v";
    .port_info 2 /INPUT 1 "en";
    .port_info 3 /OUTPUT 1 "pb";
L_000001db992a6fb0 .functor XOR 1, L_000001db9930e250, L_000001db9930cf90, C4<0>, C4<0>;
L_000001db992a7560 .functor XOR 1, L_000001db9930e2f0, L_000001db9930cc70, C4<0>, C4<0>;
L_000001db992a6ed0 .functor XOR 1, L_000001db9930cbd0, L_000001db9930e610, C4<0>, C4<0>;
L_000001db992a7020 .functor XOR 1, L_000001db9930e750, L_000001db9930e4d0, C4<0>, C4<0>;
L_000001db992a7090 .functor XOR 1, L_000001db992a6fb0, L_000001db992a7560, C4<0>, C4<0>;
L_000001db992a7170 .functor XOR 1, L_000001db992a6ed0, L_000001db992a7020, C4<0>, C4<0>;
L_000001db992a7250 .functor XOR 1, L_000001db992a7090, L_000001db992a7170, C4<0>, C4<0>;
L_000001db992a72c0 .functor XOR 1, L_000001db992a7250, v000001db9930d850_0, C4<0>, C4<0>;
L_000001db992a7330 .functor AND 1, L_000001db992a72c0, v000001db9930ce50_0, C4<1>, C4<1>;
v000001db992a81b0_0 .net *"_ivl_1", 0 0, L_000001db9930e250;  1 drivers
v000001db992a7850_0 .net *"_ivl_13", 0 0, L_000001db9930cbd0;  1 drivers
v000001db992a7990_0 .net *"_ivl_15", 0 0, L_000001db9930e610;  1 drivers
v000001db992a78f0_0 .net *"_ivl_19", 0 0, L_000001db9930e750;  1 drivers
v000001db992a7e90_0 .net *"_ivl_21", 0 0, L_000001db9930e4d0;  1 drivers
v000001db992a7f30_0 .net *"_ivl_3", 0 0, L_000001db9930cf90;  1 drivers
v000001db992a7fd0_0 .net *"_ivl_30", 0 0, L_000001db992a72c0;  1 drivers
v000001db992a8070_0 .net *"_ivl_7", 0 0, L_000001db9930e2f0;  1 drivers
v000001db992a77b0_0 .net *"_ivl_9", 0 0, L_000001db9930cc70;  1 drivers
v000001db992a7a30_0 .net "d", 7 0, v000001db9930e1b0_0;  1 drivers
v000001db992a7ad0_0 .net "en", 0 0, v000001db9930ce50_0;  1 drivers
v000001db992a8110_0 .net "pb", 0 0, L_000001db992a7330;  alias, 1 drivers
v000001db992a8250_0 .net "v", 0 0, v000001db9930d850_0;  1 drivers
v000001db992a8390_0 .net "w1", 0 0, L_000001db992a6fb0;  1 drivers
v000001db992a84d0_0 .net "w2", 0 0, L_000001db992a7560;  1 drivers
v000001db992a7670_0 .net "w3", 0 0, L_000001db992a6ed0;  1 drivers
v000001db992a7710_0 .net "w4", 0 0, L_000001db992a7020;  1 drivers
v000001db9930da30_0 .net "w5", 0 0, L_000001db992a7090;  1 drivers
v000001db9930d2b0_0 .net "w6", 0 0, L_000001db992a7170;  1 drivers
v000001db9930db70_0 .net "w7", 0 0, L_000001db992a7250;  1 drivers
L_000001db9930e250 .part v000001db9930e1b0_0, 0, 1;
L_000001db9930cf90 .part v000001db9930e1b0_0, 1, 1;
L_000001db9930e2f0 .part v000001db9930e1b0_0, 2, 1;
L_000001db9930cc70 .part v000001db9930e1b0_0, 3, 1;
L_000001db9930cbd0 .part v000001db9930e1b0_0, 4, 1;
L_000001db9930e610 .part v000001db9930e1b0_0, 5, 1;
L_000001db9930e750 .part v000001db9930e1b0_0, 6, 1;
L_000001db9930e4d0 .part v000001db9930e1b0_0, 7, 1;
    .scope S_000001db992ac270;
T_0 ;
    %vpi_call 2 8 "$dumpfile", "tb_paritygen_8bit.vcd" {0 0 0};
    %vpi_call 2 9 "$dumpvars", 32'sb00000000000000000000000000000000, S_000001db992ac270 {0 0 0};
    %pushi/vec4 75, 0, 8;
    %store/vec4 v000001db9930e1b0_0, 0, 8;
    %pushi/vec4 1, 0, 1;
    %store/vec4 v000001db9930d850_0, 0, 1;
    %pushi/vec4 0, 0, 1;
    %store/vec4 v000001db9930ce50_0, 0, 1;
    %delay 30, 0;
    %vpi_call 2 13 "$finish" {0 0 0};
    %end;
    .thread T_0;
    .scope S_000001db992ac270;
T_1 ;
    %delay 1, 0;
    %load/vec4 v000001db9930e1b0_0;
    %parti/s 1, 0, 2;
    %inv;
    %ix/load 4, 0, 0;
    %flag_set/imm 4, 0;
    %store/vec4 v000001db9930e1b0_0, 4, 1;
    %jmp T_1;
    .thread T_1;
    .scope S_000001db992ac270;
T_2 ;
    %delay 1, 0;
    %load/vec4 v000001db9930e1b0_0;
    %parti/s 1, 1, 2;
    %inv;
    %ix/load 4, 1, 0;
    %flag_set/imm 4, 0;
    %store/vec4 v000001db9930e1b0_0, 4, 1;
    %jmp T_2;
    .thread T_2;
    .scope S_000001db992ac270;
T_3 ;
    %delay 2, 0;
    %load/vec4 v000001db9930e1b0_0;
    %parti/s 1, 2, 3;
    %inv;
    %ix/load 4, 2, 0;
    %flag_set/imm 4, 0;
    %store/vec4 v000001db9930e1b0_0, 4, 1;
    %jmp T_3;
    .thread T_3;
    .scope S_000001db992ac270;
T_4 ;
    %delay 3, 0;
    %load/vec4 v000001db9930e1b0_0;
    %parti/s 1, 3, 3;
    %inv;
    %ix/load 4, 3, 0;
    %flag_set/imm 4, 0;
    %store/vec4 v000001db9930e1b0_0, 4, 1;
    %jmp T_4;
    .thread T_4;
    .scope S_000001db992ac270;
T_5 ;
    %delay 1, 0;
    %load/vec4 v000001db9930e1b0_0;
    %parti/s 1, 4, 4;
    %inv;
    %ix/load 4, 4, 0;
    %flag_set/imm 4, 0;
    %store/vec4 v000001db9930e1b0_0, 4, 1;
    %jmp T_5;
    .thread T_5;
    .scope S_000001db992ac270;
T_6 ;
    %delay 1, 0;
    %load/vec4 v000001db9930e1b0_0;
    %parti/s 1, 5, 4;
    %inv;
    %ix/load 4, 5, 0;
    %flag_set/imm 4, 0;
    %store/vec4 v000001db9930e1b0_0, 4, 1;
    %jmp T_6;
    .thread T_6;
    .scope S_000001db992ac270;
T_7 ;
    %delay 3, 0;
    %load/vec4 v000001db9930e1b0_0;
    %parti/s 1, 6, 4;
    %inv;
    %ix/load 4, 6, 0;
    %flag_set/imm 4, 0;
    %store/vec4 v000001db9930e1b0_0, 4, 1;
    %jmp T_7;
    .thread T_7;
    .scope S_000001db992ac270;
T_8 ;
    %delay 2, 0;
    %load/vec4 v000001db9930e1b0_0;
    %parti/s 1, 7, 4;
    %inv;
    %ix/load 4, 7, 0;
    %flag_set/imm 4, 0;
    %store/vec4 v000001db9930e1b0_0, 4, 1;
    %jmp T_8;
    .thread T_8;
    .scope S_000001db992ac270;
T_9 ;
    %delay 1, 0;
    %load/vec4 v000001db9930d850_0;
    %inv;
    %store/vec4 v000001db9930d850_0, 0, 1;
    %jmp T_9;
    .thread T_9;
    .scope S_000001db992ac270;
T_10 ;
    %delay 2, 0;
    %load/vec4 v000001db9930ce50_0;
    %inv;
    %store/vec4 v000001db9930ce50_0, 0, 1;
    %jmp T_10;
    .thread T_10;
# The file index is used to find the file name in the following table.
:file_names 4;
    "N/A";
    "<interactive>";
    "tb_paritygen_8bit.v";
    "paritygen_8bit.v";
